SF:lib\screens\home_screen.dart
DA:16,1
DA:18,1
DA:19,1
DA:29,1
DA:31,1
DA:32,1
DA:35,1
DA:36,1
DA:37,1
DA:38,1
DA:40,1
DA:41,1
DA:42,2
DA:43,0
DA:44,0
DA:48,1
DA:50,1
DA:51,1
DA:52,1
DA:53,0
DA:60,1
DA:62,1
DA:63,1
DA:64,2
DA:65,0
DA:66,0
DA:70,1
DA:72,0
DA:74,0
DA:75,0
DA:82,2
DA:83,0
DA:84,0
DA:85,0
DA:86,0
DA:87,0
DA:89,0
DA:99,0
DA:100,0
DA:101,0
DA:103,0
DA:104,0
DA:106,0
DA:107,0
DA:110,0
DA:113,0
DA:114,0
DA:121,0
DA:122,0
DA:123,0
DA:124,0
DA:125,0
DA:126,0
DA:128,0
DA:141,0
DA:142,0
DA:143,0
DA:144,0
DA:146,0
DA:149,0
DA:150,0
DA:151,0
DA:152,0
DA:154,0
DA:155,0
DA:158,0
DA:159,0
DA:160,0
DA:161,0
DA:162,0
DA:164,0
DA:165,0
DA:171,0
DA:172,0
DA:173,0
LF:75
LH:23
end_of_record
SF:lib\services\picker_image_service.dart
DA:8,0
DA:9,0
DA:11,0
LF:3
LH:0
end_of_record
